<html>
<head>
<title>TestNG:  Test</title>
<link href="../testng.css" rel="stylesheet" type="text/css" />
<link href="../my-testng.css" rel="stylesheet" type="text/css" />

<style type="text/css">
.log { display: none;} 
.stack-trace { display: none;} 
</style>
<script type="text/javascript">
<!--
function flip(e) {
  current = e.style.display;
  if (current == 'block') {
    e.style.display = 'none';
    return 0;
  }
  else {
    e.style.display = 'block';
    return 1;
  }
}

function toggleBox(szDivId, elem, msg1, msg2)
{
  var res = -1;  if (document.getElementById) {
    res = flip(document.getElementById(szDivId));
  }
  else if (document.all) {
    // this is the way old msie versions work
    res = flip(document.all[szDivId]);
  }
  if(elem) {
    if(res == 0) elem.innerHTML = msg1; else elem.innerHTML = msg2;
  }

}

function toggleAllBoxes() {
  if (document.getElementsByTagName) {
    d = document.getElementsByTagName('div');
    for (i = 0; i < d.length; i++) {
      if (d[i].className == 'log') {
        flip(d[i]);
      }
    }
  }
}

// -->
</script>

</head>
<body>
<h2 align='center'>Test</h2><table border='1' align="center">
<tr>
<td>Tests passed/Failed/Skipped:</td><td>4/0/5</td>
</tr><tr>
<td>Started on:</td><td>Thu Apr 26 08:55:26 IST 2018</td>
</tr>
<tr><td>Total time:</td><td>62 seconds (62441 ms)</td>
</tr><tr>
<td>Included groups:</td><td></td>
</tr><tr>
<td>Excluded groups:</td><td></td>
</tr>
</table><p/>
<small><i>(Hover the method name to see the test class name)</i></small><p/>
<table width='100%' border='1' class='invocation-passed'>
<tr><td colspan='4' align='center'><b>PASSED TESTS</b></td></tr>
<tr><td><b>Test method</b></td>
<td width="30%"><b>Exception</b></td>
<td width="10%"><b>Time (seconds)</b></td>
<td><b>Instance</b></td>
</tr>
<tr>
<td title='testCases.Allmediany_SignUpPage_Test.SampleTest()'><b>SampleTest</b><br>Test class: testCases.Allmediany_SignUpPage_Test<br>Parameters: {ConfirmPassword=abc1234565, Browser=Chrome, Password=abc1234565, username=vaishalinaik67, Country=India, URL=http://www.allmediany.com/signup, Date of Dob=29, State=Andhra Pradesh, Phone=9876543210, LastName=Naik, Zipcode=560037.0, TestCaseName=Allmediany_SignUpPage_Test, FirstName=Vaishali, Year of Dob=1993, Address=Marathali, Execute=Y, Email=vaishali23674@yahoo.com, Month of Dob=04, City=Hyderabad}</td>
<td></td>
<td>12</td>
<td>testCases.Allmediany_SignUpPage_Test@73ad2d6</td></tr>
<tr>
<td title='testCases.Allmediany_SignUpPage_Test.SampleTest()'><b>SampleTest</b><br>Test class: testCases.Allmediany_SignUpPage_Test<br>Parameters: {ConfirmPassword=abc1234565, Browser=Chrome, Password=abc1234565, username=vaishalinaik67, Country=India, URL=http://www.allmediany.com/signup, Date of Dob=29, State=Andhra Pradesh, Phone=9876543210, LastName=Naik, Zipcode=560037.0, TestCaseName=Allmediany_SignUpPage_Test, FirstName=Vaishali, Year of Dob=1993, Address=Marathali, Execute=Y, Email=vaishali23674@yahoo.com, Month of Dob=04, City=Hyderabad}</td>
<td></td>
<td>14</td>
<td>testCases.Allmediany_SignUpPage_Test@73ad2d6</td></tr>
<tr>
<td title='testCases.Testing2.SampleTest()'><b>SampleTest</b><br>Test class: testCases.Testing2<br>Parameters: {ConfirmPassword=abc1234565, Browser=Chrome, Password=abc1234565, username=vaishalinaik67, Country=India, URL=http://www.allmediany.com/signup, Date of Dob=29, State=Andhra Pradesh, Phone=9876543210, LastName=Naik, Zipcode=560037.0, TestCaseName=Testing2, FirstName=Vaishali, Year of Dob=1993, Address=Marathali, Execute=Y, Email=vaishali23674@yahoo.com, Month of Dob=04, City=Hyderabad}</td>
<td></td>
<td>13</td>
<td>testCases.Testing2@7085bdee</td></tr>
<tr>
<td title='testCases.Testing2.SampleTest()'><b>SampleTest</b><br>Test class: testCases.Testing2<br>Parameters: {ConfirmPassword=abc1234565, Browser=Chrome, Password=abc1234565, username=vaishalinaik67, Country=India, URL=http://www.allmediany.com/signup, Date of Dob=29, State=Andhra Pradesh, Phone=9876543210, LastName=Naik, Zipcode=560037.0, TestCaseName=Testing2, FirstName=Vaishali, Year of Dob=1993, Address=Marathali, Execute=Y, Email=vaishali23674@yahoo.com, Month of Dob=04, City=Hyderabad}</td>
<td></td>
<td>17</td>
<td>testCases.Testing2@7085bdee</td></tr>
</table><p>
<table width='100%' border='1' class='invocation-skipped'>
<tr><td colspan='4' align='center'><b>SKIPPED TESTS</b></td></tr>
<tr><td><b>Test method</b></td>
<td width="30%"><b>Exception</b></td>
<td width="10%"><b>Time (seconds)</b></td>
<td><b>Instance</b></td>
</tr>
<tr>
<td title='testCases.Allmediany_SignUpPage_Test.SampleTest()'><b>SampleTest</b><br>Test class: testCases.Allmediany_SignUpPage_Test<br>Parameters: {ConfirmPassword=abc1234565, Browser=Chrome, Password=abc1234565, username=vaishalinaik67, Country=India, URL=http://www.allmediany.com/signup, Date of Dob=29, State=Andhra Pradesh, Phone=9876543210, LastName=Naik, Zipcode=560037.0, TestCaseName=Allmediany_SignUpPage_Test, FirstName=Vaishali, Year of Dob=1993, Address=Marathali, Execute=N, Email=vaishali23674@yahoo.com, Month of Dob=04, City=Hyderabad}</td>
<td><div><pre>org.testng.SkipException: Allmediany_SignUpPage_Test is skipped as Runmode is not Y in DataSheet
	at testCases.Allmediany_SignUpPage_Test.SampleTest(Allmediany_SignUpPage_Test.java:47)
... Removed 25 stack frames</pre></div><a href='#' onClick='toggleBox("stack-trace1493158871", this, "Click to show all stack frames", "Click to hide stack frames")'>Click to show all stack frames</a>
<div class='stack-trace' id='stack-trace1493158871'><pre>org.testng.SkipException: Allmediany_SignUpPage_Test is skipped as Runmode is not Y in DataSheet
	at testCases.Allmediany_SignUpPage_Test.SampleTest(Allmediany_SignUpPage_Test.java:47)
	at sun.reflect.NativeMethodAccessorImpl.invoke0(Native Method)
	at sun.reflect.NativeMethodAccessorImpl.invoke(Unknown Source)
	at sun.reflect.DelegatingMethodAccessorImpl.invoke(Unknown Source)
	at java.lang.reflect.Method.invoke(Unknown Source)
	at org.testng.internal.MethodInvocationHelper.invokeMethod(MethodInvocationHelper.java:124)
	at org.testng.internal.Invoker.invokeMethod(Invoker.java:580)
	at org.testng.internal.Invoker.invokeTestMethod(Invoker.java:716)
	at org.testng.internal.Invoker.invokeTestMethods(Invoker.java:988)
	at org.testng.internal.TestMethodWorker.invokeTestMethods(TestMethodWorker.java:125)
	at org.testng.internal.TestMethodWorker.run(TestMethodWorker.java:109)
	at org.testng.TestRunner.privateRun(TestRunner.java:648)
	at org.testng.TestRunner.run(TestRunner.java:505)
	at org.testng.SuiteRunner.runTest(SuiteRunner.java:455)
	at org.testng.SuiteRunner.runSequentially(SuiteRunner.java:450)
	at org.testng.SuiteRunner.privateRun(SuiteRunner.java:415)
	at org.testng.SuiteRunner.run(SuiteRunner.java:364)
	at org.testng.SuiteRunnerWorker.runSuite(SuiteRunnerWorker.java:52)
	at org.testng.SuiteRunnerWorker.run(SuiteRunnerWorker.java:84)
	at org.testng.TestNG.runSuitesSequentially(TestNG.java:1208)
	at org.testng.TestNG.runSuitesLocally(TestNG.java:1137)
	at org.testng.TestNG.runSuites(TestNG.java:1049)
	at org.testng.TestNG.run(TestNG.java:1017)
	at org.testng.remote.AbstractRemoteTestNG.run(AbstractRemoteTestNG.java:114)
	at org.testng.remote.RemoteTestNG.initAndRun(RemoteTestNG.java:251)
	at org.testng.remote.RemoteTestNG.main(RemoteTestNG.java:77)
</pre></div></td>
<td>0</td>
<td>testCases.Allmediany_SignUpPage_Test@73ad2d6</td></tr>
<tr>
<td title='testCases.Allmediany_SignUpPage_Test.SampleTest()'><b>SampleTest</b><br>Test class: testCases.Allmediany_SignUpPage_Test<br>Parameters: {ConfirmPassword=abc1234565, Browser=Chrome, Password=abc1234565, username=vaishalinaik67, Country=India, URL=http://www.allmediany.com/signup, Date of Dob=29, State=Andhra Pradesh, Phone=9876543210, LastName=Naik, Zipcode=560037.0, TestCaseName=Allmediany_SignUpPage_Test, FirstName=Vaishali, Year of Dob=1993, Address=Marathali, Execute=N, Email=vaishali23674@yahoo.com, Month of Dob=04, City=Hyderabad}</td>
<td><div><pre>org.testng.SkipException: Allmediany_SignUpPage_Test is skipped as Runmode is not Y in DataSheet
	at testCases.Allmediany_SignUpPage_Test.SampleTest(Allmediany_SignUpPage_Test.java:47)
... Removed 25 stack frames</pre></div><a href='#' onClick='toggleBox("stack-trace1806880779", this, "Click to show all stack frames", "Click to hide stack frames")'>Click to show all stack frames</a>
<div class='stack-trace' id='stack-trace1806880779'><pre>org.testng.SkipException: Allmediany_SignUpPage_Test is skipped as Runmode is not Y in DataSheet
	at testCases.Allmediany_SignUpPage_Test.SampleTest(Allmediany_SignUpPage_Test.java:47)
	at sun.reflect.NativeMethodAccessorImpl.invoke0(Native Method)
	at sun.reflect.NativeMethodAccessorImpl.invoke(Unknown Source)
	at sun.reflect.DelegatingMethodAccessorImpl.invoke(Unknown Source)
	at java.lang.reflect.Method.invoke(Unknown Source)
	at org.testng.internal.MethodInvocationHelper.invokeMethod(MethodInvocationHelper.java:124)
	at org.testng.internal.Invoker.invokeMethod(Invoker.java:580)
	at org.testng.internal.Invoker.invokeTestMethod(Invoker.java:716)
	at org.testng.internal.Invoker.invokeTestMethods(Invoker.java:988)
	at org.testng.internal.TestMethodWorker.invokeTestMethods(TestMethodWorker.java:125)
	at org.testng.internal.TestMethodWorker.run(TestMethodWorker.java:109)
	at org.testng.TestRunner.privateRun(TestRunner.java:648)
	at org.testng.TestRunner.run(TestRunner.java:505)
	at org.testng.SuiteRunner.runTest(SuiteRunner.java:455)
	at org.testng.SuiteRunner.runSequentially(SuiteRunner.java:450)
	at org.testng.SuiteRunner.privateRun(SuiteRunner.java:415)
	at org.testng.SuiteRunner.run(SuiteRunner.java:364)
	at org.testng.SuiteRunnerWorker.runSuite(SuiteRunnerWorker.java:52)
	at org.testng.SuiteRunnerWorker.run(SuiteRunnerWorker.java:84)
	at org.testng.TestNG.runSuitesSequentially(TestNG.java:1208)
	at org.testng.TestNG.runSuitesLocally(TestNG.java:1137)
	at org.testng.TestNG.runSuites(TestNG.java:1049)
	at org.testng.TestNG.run(TestNG.java:1017)
	at org.testng.remote.AbstractRemoteTestNG.run(AbstractRemoteTestNG.java:114)
	at org.testng.remote.RemoteTestNG.initAndRun(RemoteTestNG.java:251)
	at org.testng.remote.RemoteTestNG.main(RemoteTestNG.java:77)
</pre></div></td>
<td>0</td>
<td>testCases.Allmediany_SignUpPage_Test@73ad2d6</td></tr>
<tr>
<td title='testCases.Allmediany_SignUpPage_Test.SampleTest()'><b>SampleTest</b><br>Test class: testCases.Allmediany_SignUpPage_Test<br>Parameters: {ConfirmPassword=abc1234565, Browser=Chrome, Password=abc1234565, username=vaishalinaik67, Country=India, URL=http://www.allmediany.com/signup, Date of Dob=29, State=Andhra Pradesh, Phone=9876543210, LastName=Naik, Zipcode=560037.0, TestCaseName=Allmediany_SignUpPage_Test, FirstName=Vaishali, Year of Dob=1993, Address=Marathali, Execute=N, Email=vaishali23674@yahoo.com, Month of Dob=04, City=Hyderabad}</td>
<td><div><pre>org.testng.SkipException: Allmediany_SignUpPage_Test is skipped as Runmode is not Y in DataSheet
	at testCases.Allmediany_SignUpPage_Test.SampleTest(Allmediany_SignUpPage_Test.java:47)
... Removed 25 stack frames</pre></div><a href='#' onClick='toggleBox("stack-trace446445803", this, "Click to show all stack frames", "Click to hide stack frames")'>Click to show all stack frames</a>
<div class='stack-trace' id='stack-trace446445803'><pre>org.testng.SkipException: Allmediany_SignUpPage_Test is skipped as Runmode is not Y in DataSheet
	at testCases.Allmediany_SignUpPage_Test.SampleTest(Allmediany_SignUpPage_Test.java:47)
	at sun.reflect.NativeMethodAccessorImpl.invoke0(Native Method)
	at sun.reflect.NativeMethodAccessorImpl.invoke(Unknown Source)
	at sun.reflect.DelegatingMethodAccessorImpl.invoke(Unknown Source)
	at java.lang.reflect.Method.invoke(Unknown Source)
	at org.testng.internal.MethodInvocationHelper.invokeMethod(MethodInvocationHelper.java:124)
	at org.testng.internal.Invoker.invokeMethod(Invoker.java:580)
	at org.testng.internal.Invoker.invokeTestMethod(Invoker.java:716)
	at org.testng.internal.Invoker.invokeTestMethods(Invoker.java:988)
	at org.testng.internal.TestMethodWorker.invokeTestMethods(TestMethodWorker.java:125)
	at org.testng.internal.TestMethodWorker.run(TestMethodWorker.java:109)
	at org.testng.TestRunner.privateRun(TestRunner.java:648)
	at org.testng.TestRunner.run(TestRunner.java:505)
	at org.testng.SuiteRunner.runTest(SuiteRunner.java:455)
	at org.testng.SuiteRunner.runSequentially(SuiteRunner.java:450)
	at org.testng.SuiteRunner.privateRun(SuiteRunner.java:415)
	at org.testng.SuiteRunner.run(SuiteRunner.java:364)
	at org.testng.SuiteRunnerWorker.runSuite(SuiteRunnerWorker.java:52)
	at org.testng.SuiteRunnerWorker.run(SuiteRunnerWorker.java:84)
	at org.testng.TestNG.runSuitesSequentially(TestNG.java:1208)
	at org.testng.TestNG.runSuitesLocally(TestNG.java:1137)
	at org.testng.TestNG.runSuites(TestNG.java:1049)
	at org.testng.TestNG.run(TestNG.java:1017)
	at org.testng.remote.AbstractRemoteTestNG.run(AbstractRemoteTestNG.java:114)
	at org.testng.remote.RemoteTestNG.initAndRun(RemoteTestNG.java:251)
	at org.testng.remote.RemoteTestNG.main(RemoteTestNG.java:77)
</pre></div></td>
<td>0</td>
<td>testCases.Allmediany_SignUpPage_Test@73ad2d6</td></tr>
<tr>
<td title='testCases.Testing2.SampleTest()'><b>SampleTest</b><br>Test class: testCases.Testing2<br>Parameters: {ConfirmPassword=abc1234565, Browser=Chrome, Password=abc1234565, username=vaishalinaik67, Country=India, URL=http://www.allmediany.com/signup, Date of Dob=29, State=Andhra Pradesh, Phone=9876543210, LastName=Naik, Zipcode=560037.0, TestCaseName=Testing2, FirstName=Vaishali, Year of Dob=1993, Address=Marathali, Execute=N, Email=vaishali23674@yahoo.com, Month of Dob=04, City=Hyderabad}</td>
<td><div><pre>org.testng.SkipException: Testing2 is skipped as Runmode is not Y in DataSheet
	at testCases.Testing2.SampleTest(Testing2.java:46)
... Removed 25 stack frames</pre></div><a href='#' onClick='toggleBox("stack-trace2015301874", this, "Click to show all stack frames", "Click to hide stack frames")'>Click to show all stack frames</a>
<div class='stack-trace' id='stack-trace2015301874'><pre>org.testng.SkipException: Testing2 is skipped as Runmode is not Y in DataSheet
	at testCases.Testing2.SampleTest(Testing2.java:46)
	at sun.reflect.NativeMethodAccessorImpl.invoke0(Native Method)
	at sun.reflect.NativeMethodAccessorImpl.invoke(Unknown Source)
	at sun.reflect.DelegatingMethodAccessorImpl.invoke(Unknown Source)
	at java.lang.reflect.Method.invoke(Unknown Source)
	at org.testng.internal.MethodInvocationHelper.invokeMethod(MethodInvocationHelper.java:124)
	at org.testng.internal.Invoker.invokeMethod(Invoker.java:580)
	at org.testng.internal.Invoker.invokeTestMethod(Invoker.java:716)
	at org.testng.internal.Invoker.invokeTestMethods(Invoker.java:988)
	at org.testng.internal.TestMethodWorker.invokeTestMethods(TestMethodWorker.java:125)
	at org.testng.internal.TestMethodWorker.run(TestMethodWorker.java:109)
	at org.testng.TestRunner.privateRun(TestRunner.java:648)
	at org.testng.TestRunner.run(TestRunner.java:505)
	at org.testng.SuiteRunner.runTest(SuiteRunner.java:455)
	at org.testng.SuiteRunner.runSequentially(SuiteRunner.java:450)
	at org.testng.SuiteRunner.privateRun(SuiteRunner.java:415)
	at org.testng.SuiteRunner.run(SuiteRunner.java:364)
	at org.testng.SuiteRunnerWorker.runSuite(SuiteRunnerWorker.java:52)
	at org.testng.SuiteRunnerWorker.run(SuiteRunnerWorker.java:84)
	at org.testng.TestNG.runSuitesSequentially(TestNG.java:1208)
	at org.testng.TestNG.runSuitesLocally(TestNG.java:1137)
	at org.testng.TestNG.runSuites(TestNG.java:1049)
	at org.testng.TestNG.run(TestNG.java:1017)
	at org.testng.remote.AbstractRemoteTestNG.run(AbstractRemoteTestNG.java:114)
	at org.testng.remote.RemoteTestNG.initAndRun(RemoteTestNG.java:251)
	at org.testng.remote.RemoteTestNG.main(RemoteTestNG.java:77)
</pre></div></td>
<td>0</td>
<td>testCases.Testing2@7085bdee</td></tr>
<tr>
<td title='testCases.Testing2.SampleTest()'><b>SampleTest</b><br>Test class: testCases.Testing2<br>Parameters: {ConfirmPassword=abc1234565, Browser=Chrome, Password=abc1234565, username=vaishalinaik67, Country=India, URL=http://www.allmediany.com/signup, Date of Dob=29, State=Andhra Pradesh, Phone=9876543210, LastName=Naik, Zipcode=560037.0, TestCaseName=Testing2, FirstName=Vaishali, Year of Dob=1993, Address=Marathali, Execute=N, Email=vaishali23674@yahoo.com, Month of Dob=04, City=Hyderabad}</td>
<td><div><pre>org.testng.SkipException: Testing2 is skipped as Runmode is not Y in DataSheet
	at testCases.Testing2.SampleTest(Testing2.java:46)
... Removed 25 stack frames</pre></div><a href='#' onClick='toggleBox("stack-trace782228073", this, "Click to show all stack frames", "Click to hide stack frames")'>Click to show all stack frames</a>
<div class='stack-trace' id='stack-trace782228073'><pre>org.testng.SkipException: Testing2 is skipped as Runmode is not Y in DataSheet
	at testCases.Testing2.SampleTest(Testing2.java:46)
	at sun.reflect.NativeMethodAccessorImpl.invoke0(Native Method)
	at sun.reflect.NativeMethodAccessorImpl.invoke(Unknown Source)
	at sun.reflect.DelegatingMethodAccessorImpl.invoke(Unknown Source)
	at java.lang.reflect.Method.invoke(Unknown Source)
	at org.testng.internal.MethodInvocationHelper.invokeMethod(MethodInvocationHelper.java:124)
	at org.testng.internal.Invoker.invokeMethod(Invoker.java:580)
	at org.testng.internal.Invoker.invokeTestMethod(Invoker.java:716)
	at org.testng.internal.Invoker.invokeTestMethods(Invoker.java:988)
	at org.testng.internal.TestMethodWorker.invokeTestMethods(TestMethodWorker.java:125)
	at org.testng.internal.TestMethodWorker.run(TestMethodWorker.java:109)
	at org.testng.TestRunner.privateRun(TestRunner.java:648)
	at org.testng.TestRunner.run(TestRunner.java:505)
	at org.testng.SuiteRunner.runTest(SuiteRunner.java:455)
	at org.testng.SuiteRunner.runSequentially(SuiteRunner.java:450)
	at org.testng.SuiteRunner.privateRun(SuiteRunner.java:415)
	at org.testng.SuiteRunner.run(SuiteRunner.java:364)
	at org.testng.SuiteRunnerWorker.runSuite(SuiteRunnerWorker.java:52)
	at org.testng.SuiteRunnerWorker.run(SuiteRunnerWorker.java:84)
	at org.testng.TestNG.runSuitesSequentially(TestNG.java:1208)
	at org.testng.TestNG.runSuitesLocally(TestNG.java:1137)
	at org.testng.TestNG.runSuites(TestNG.java:1049)
	at org.testng.TestNG.run(TestNG.java:1017)
	at org.testng.remote.AbstractRemoteTestNG.run(AbstractRemoteTestNG.java:114)
	at org.testng.remote.RemoteTestNG.initAndRun(RemoteTestNG.java:251)
	at org.testng.remote.RemoteTestNG.main(RemoteTestNG.java:77)
</pre></div></td>
<td>0</td>
<td>testCases.Testing2@7085bdee</td></tr>
</table><p>
</body>
</html>