<?xml version="1.0" encoding="UTF-8"?>
<testng-results skipped="2" failed="0" ignored="0" total="5" passed="3">
  <reporter-output>
  </reporter-output>
  <suite name="Default suite" duration-ms="40010" started-at="2018-05-20T15:19:51Z" finished-at="2018-05-20T15:20:31Z">
    <groups>
    </groups>
    <test name="Default test" duration-ms="40010" started-at="2018-05-20T15:19:51Z" finished-at="2018-05-20T15:20:31Z">
      <class name="testCases.Allmediany_SignUpPage_Test">
        <test-method status="PASS" signature="startTest()[pri:0, instance:testCases.Allmediany_SignUpPage_Test@20398b7c]" name="startTest" is-config="true" duration-ms="234" started-at="2018-05-20T15:19:51Z" finished-at="2018-05-20T15:19:51Z">
          <reporter-output>
          </reporter-output>
        </test-method> <!-- startTest -->
        <test-method status="PASS" signature="Allmediany_SignUpPage_TestCase(java.util.Hashtable)[pri:0, instance:testCases.Allmediany_SignUpPage_Test@20398b7c]" name="Allmediany_SignUpPage_TestCase" duration-ms="13903" started-at="2018-05-20T15:19:52Z" data-provider="GetData" finished-at="2018-05-20T15:20:06Z">
          <params>
            <param index="0">
              <value>
                <![CDATA[{ConfirmPassword=abc1234565, Browser=CHROME, Password=abc1234565, username=vaishalinaik67, Country=India, URL=http://www.allmediany.com/signup, Date of Dob=29, State=Andhra Pradesh, Phone=9876543210, LastName=Naik, Zipcode=560037.0, TestCaseName=Allmediany_SignUpPage_Test, FirstName=Vaishali, Year of Dob=1993, Address=Marathali, Execute=Y, Email=vaishali23674@yahoo.com, Month of Dob=04, City=Hyderabad}]]>
              </value>
            </param>
          </params>
          <reporter-output>
          </reporter-output>
        </test-method> <!-- Allmediany_SignUpPage_TestCase -->
        <test-method status="PASS" signature="getResult(org.testng.ITestResult)[pri:0, instance:testCases.Allmediany_SignUpPage_Test@20398b7c]" name="getResult" is-config="true" duration-ms="622" started-at="2018-05-20T15:20:06Z" finished-at="2018-05-20T15:20:07Z">
          <params>
            <param index="0">
              <value>
                <![CDATA[[TestResult name=Allmediany_SignUpPage_TestCase status=SUCCESS method=Allmediany_SignUpPage_Test.Allmediany_SignUpPage_TestCase(java.util.Hashtable)[pri:0, instance:testCases.Allmediany_SignUpPage_Test@20398b7c] output={null}]]]>
              </value>
            </param>
          </params>
          <reporter-output>
          </reporter-output>
        </test-method> <!-- getResult -->
        <test-method status="PASS" signature="Allmediany_SignUpPage_TestCase(java.util.Hashtable)[pri:0, instance:testCases.Allmediany_SignUpPage_Test@20398b7c]" name="Allmediany_SignUpPage_TestCase" duration-ms="11532" started-at="2018-05-20T15:20:07Z" data-provider="GetData" finished-at="2018-05-20T15:20:19Z">
          <params>
            <param index="0">
              <value>
                <![CDATA[{ConfirmPassword=abc1234565, Browser=CHROME, Password=abc1234565, username=vaishalinaik67, Country=India, URL=http://www.allmediany.com/signup, Date of Dob=29, State=Andhra Pradesh, Phone=9876543210, LastName=Naik, Zipcode=560037.0, TestCaseName=Allmediany_SignUpPage_Test, FirstName=Vaishali, Year of Dob=1993, Address=Marathali, Execute=Y, Email=vaishali23674@yahoo.com, Month of Dob=04, City=Hyderabad}]]>
              </value>
            </param>
          </params>
          <reporter-output>
          </reporter-output>
        </test-method> <!-- Allmediany_SignUpPage_TestCase -->
        <test-method status="PASS" signature="getResult(org.testng.ITestResult)[pri:0, instance:testCases.Allmediany_SignUpPage_Test@20398b7c]" name="getResult" is-config="true" duration-ms="610" started-at="2018-05-20T15:20:19Z" finished-at="2018-05-20T15:20:19Z">
          <params>
            <param index="0">
              <value>
                <![CDATA[[TestResult name=Allmediany_SignUpPage_TestCase status=SUCCESS method=Allmediany_SignUpPage_Test.Allmediany_SignUpPage_TestCase(java.util.Hashtable)[pri:0, instance:testCases.Allmediany_SignUpPage_Test@20398b7c] output={null}]]]>
              </value>
            </param>
          </params>
          <reporter-output>
          </reporter-output>
        </test-method> <!-- getResult -->
        <test-method status="SKIP" signature="Allmediany_SignUpPage_TestCase(java.util.Hashtable)[pri:0, instance:testCases.Allmediany_SignUpPage_Test@20398b7c]" name="Allmediany_SignUpPage_TestCase" duration-ms="0" started-at="2018-05-20T15:20:19Z" data-provider="GetData" finished-at="2018-05-20T15:20:19Z">
          <params>
            <param index="0">
              <value>
                <![CDATA[{ConfirmPassword=abc1234565, Browser=CHROME, Password=abc1234565, username=vaishalinaik67, Country=India, URL=http://www.allmediany.com/signup, Date of Dob=29, State=Andhra Pradesh, Phone=9876543210, LastName=Naik, Zipcode=560037.0, TestCaseName=Allmediany_SignUpPage_Test, FirstName=Vaishali, Year of Dob=1993, Address=Marathali, Execute=N, Email=vaishali23674@yahoo.com, Month of Dob=04, City=Hyderabad}]]>
              </value>
            </param>
          </params>
          <exception class="org.testng.SkipException">
            <message>
              <![CDATA[Allmediany_SignUpPage_Test is skipped as Runmode is not Y in DataSheet]]>
            </message>
            <full-stacktrace>
              <![CDATA[org.testng.SkipException: Allmediany_SignUpPage_Test is skipped as Runmode is not Y in DataSheet
at testCases.Allmediany_SignUpPage_Test.Allmediany_SignUpPage_TestCase(Allmediany_SignUpPage_Test.java:48)
at sun.reflect.NativeMethodAccessorImpl.invoke0(Native Method)
at sun.reflect.NativeMethodAccessorImpl.invoke(Unknown Source)
at sun.reflect.DelegatingMethodAccessorImpl.invoke(Unknown Source)
at java.lang.reflect.Method.invoke(Unknown Source)
at org.testng.internal.MethodInvocationHelper.invokeMethod(MethodInvocationHelper.java:124)
at org.testng.internal.Invoker.invokeMethod(Invoker.java:580)
at org.testng.internal.Invoker.invokeTestMethod(Invoker.java:716)
at org.testng.internal.Invoker.invokeTestMethods(Invoker.java:988)
at org.testng.internal.TestMethodWorker.invokeTestMethods(TestMethodWorker.java:125)
at org.testng.internal.TestMethodWorker.run(TestMethodWorker.java:109)
at org.testng.TestRunner.privateRun(TestRunner.java:648)
at org.testng.TestRunner.run(TestRunner.java:505)
at org.testng.SuiteRunner.runTest(SuiteRunner.java:455)
at org.testng.SuiteRunner.runSequentially(SuiteRunner.java:450)
at org.testng.SuiteRunner.privateRun(SuiteRunner.java:415)
at org.testng.SuiteRunner.run(SuiteRunner.java:364)
at org.testng.SuiteRunnerWorker.runSuite(SuiteRunnerWorker.java:52)
at org.testng.SuiteRunnerWorker.run(SuiteRunnerWorker.java:84)
at org.testng.TestNG.runSuitesSequentially(TestNG.java:1208)
at org.testng.TestNG.runSuitesLocally(TestNG.java:1137)
at org.testng.TestNG.runSuites(TestNG.java:1049)
at org.testng.TestNG.run(TestNG.java:1017)
at org.testng.remote.AbstractRemoteTestNG.run(AbstractRemoteTestNG.java:114)
at org.testng.remote.RemoteTestNG.initAndRun(RemoteTestNG.java:251)
at org.testng.remote.RemoteTestNG.main(RemoteTestNG.java:77)
]]>
            </full-stacktrace>
          </exception> <!-- org.testng.SkipException -->
          <reporter-output>
          </reporter-output>
        </test-method> <!-- Allmediany_SignUpPage_TestCase -->
        <test-method status="PASS" signature="getResult(org.testng.ITestResult)[pri:0, instance:testCases.Allmediany_SignUpPage_Test@20398b7c]" name="getResult" is-config="true" duration-ms="0" started-at="2018-05-20T15:20:19Z" finished-at="2018-05-20T15:20:19Z">
          <params>
            <param index="0">
              <value>
                <![CDATA[[TestResult name=Allmediany_SignUpPage_TestCase status=SKIP method=Allmediany_SignUpPage_Test.Allmediany_SignUpPage_TestCase(java.util.Hashtable)[pri:0, instance:testCases.Allmediany_SignUpPage_Test@20398b7c] output={null}]]]>
              </value>
            </param>
          </params>
          <reporter-output>
          </reporter-output>
        </test-method> <!-- getResult -->
        <test-method status="PASS" signature="getResult(org.testng.ITestResult)[pri:0, instance:testCases.Allmediany_SignUpPage_Test@20398b7c]" name="getResult" is-config="true" duration-ms="0" started-at="2018-05-20T15:20:19Z" finished-at="2018-05-20T15:20:19Z">
          <params>
            <param index="0">
              <value>
                <![CDATA[[TestResult name=Allmediany_SignUpPage_TestCase status=SKIP method=Allmediany_SignUpPage_Test.Allmediany_SignUpPage_TestCase(java.util.Hashtable)[pri:0, instance:testCases.Allmediany_SignUpPage_Test@20398b7c] output={null}]]]>
              </value>
            </param>
          </params>
          <reporter-output>
          </reporter-output>
        </test-method> <!-- getResult -->
        <test-method status="SKIP" signature="Allmediany_SignUpPage_TestCase(java.util.Hashtable)[pri:0, instance:testCases.Allmediany_SignUpPage_Test@20398b7c]" name="Allmediany_SignUpPage_TestCase" duration-ms="0" started-at="2018-05-20T15:20:19Z" data-provider="GetData" finished-at="2018-05-20T15:20:19Z">
          <params>
            <param index="0">
              <value>
                <![CDATA[{ConfirmPassword=abc1234565, Browser=CHROME, Password=abc1234565, username=vaishalinaik67, Country=India, URL=http://www.allmediany.com/signup, Date of Dob=29, State=Andhra Pradesh, Phone=9876543210, LastName=Naik, Zipcode=560037.0, TestCaseName=Allmediany_SignUpPage_Test, FirstName=Vaishali, Year of Dob=1993, Address=Marathali, Execute=N, Email=vaishali23674@yahoo.com, Month of Dob=04, City=Hyderabad}]]>
              </value>
            </param>
          </params>
          <exception class="org.testng.SkipException">
            <message>
              <![CDATA[Allmediany_SignUpPage_Test is skipped as Runmode is not Y in DataSheet]]>
            </message>
            <full-stacktrace>
              <![CDATA[org.testng.SkipException: Allmediany_SignUpPage_Test is skipped as Runmode is not Y in DataSheet
at testCases.Allmediany_SignUpPage_Test.Allmediany_SignUpPage_TestCase(Allmediany_SignUpPage_Test.java:48)
at sun.reflect.NativeMethodAccessorImpl.invoke0(Native Method)
at sun.reflect.NativeMethodAccessorImpl.invoke(Unknown Source)
at sun.reflect.DelegatingMethodAccessorImpl.invoke(Unknown Source)
at java.lang.reflect.Method.invoke(Unknown Source)
at org.testng.internal.MethodInvocationHelper.invokeMethod(MethodInvocationHelper.java:124)
at org.testng.internal.Invoker.invokeMethod(Invoker.java:580)
at org.testng.internal.Invoker.invokeTestMethod(Invoker.java:716)
at org.testng.internal.Invoker.invokeTestMethods(Invoker.java:988)
at org.testng.internal.TestMethodWorker.invokeTestMethods(TestMethodWorker.java:125)
at org.testng.internal.TestMethodWorker.run(TestMethodWorker.java:109)
at org.testng.TestRunner.privateRun(TestRunner.java:648)
at org.testng.TestRunner.run(TestRunner.java:505)
at org.testng.SuiteRunner.runTest(SuiteRunner.java:455)
at org.testng.SuiteRunner.runSequentially(SuiteRunner.java:450)
at org.testng.SuiteRunner.privateRun(SuiteRunner.java:415)
at org.testng.SuiteRunner.run(SuiteRunner.java:364)
at org.testng.SuiteRunnerWorker.runSuite(SuiteRunnerWorker.java:52)
at org.testng.SuiteRunnerWorker.run(SuiteRunnerWorker.java:84)
at org.testng.TestNG.runSuitesSequentially(TestNG.java:1208)
at org.testng.TestNG.runSuitesLocally(TestNG.java:1137)
at org.testng.TestNG.runSuites(TestNG.java:1049)
at org.testng.TestNG.run(TestNG.java:1017)
at org.testng.remote.AbstractRemoteTestNG.run(AbstractRemoteTestNG.java:114)
at org.testng.remote.RemoteTestNG.initAndRun(RemoteTestNG.java:251)
at org.testng.remote.RemoteTestNG.main(RemoteTestNG.java:77)
]]>
            </full-stacktrace>
          </exception> <!-- org.testng.SkipException -->
          <reporter-output>
          </reporter-output>
        </test-method> <!-- Allmediany_SignUpPage_TestCase -->
        <test-method status="PASS" signature="Allmediany_SignUpPage_TestCase(java.util.Hashtable)[pri:0, instance:testCases.Allmediany_SignUpPage_Test@20398b7c]" name="Allmediany_SignUpPage_TestCase" duration-ms="10930" started-at="2018-05-20T15:20:19Z" data-provider="GetData" finished-at="2018-05-20T15:20:30Z">
          <params>
            <param index="0">
              <value>
                <![CDATA[{ConfirmPassword=abc1234565, Browser=CHROME, Password=abc1234565, username=vaishalinaik67, Country=India, URL=http://www.allmediany.com/signup, Date of Dob=29, State=Andhra Pradesh, Phone=9876543210, LastName=Naik, Zipcode=560037.0, TestCaseName=Allmediany_SignUpPage_Test, FirstName=Vaishali, Year of Dob=1993, Address=Marathali, Execute=Y, Email=vaishali23674@yahoo.com, Month of Dob=04, City=Hyderabad}]]>
              </value>
            </param>
          </params>
          <reporter-output>
          </reporter-output>
        </test-method> <!-- Allmediany_SignUpPage_TestCase -->
        <test-method status="PASS" signature="getResult(org.testng.ITestResult)[pri:0, instance:testCases.Allmediany_SignUpPage_Test@20398b7c]" name="getResult" is-config="true" duration-ms="625" started-at="2018-05-20T15:20:30Z" finished-at="2018-05-20T15:20:31Z">
          <params>
            <param index="0">
              <value>
                <![CDATA[[TestResult name=Allmediany_SignUpPage_TestCase status=SUCCESS method=Allmediany_SignUpPage_Test.Allmediany_SignUpPage_TestCase(java.util.Hashtable)[pri:0, instance:testCases.Allmediany_SignUpPage_Test@20398b7c] output={null}]]]>
              </value>
            </param>
          </params>
          <reporter-output>
          </reporter-output>
        </test-method> <!-- getResult -->
        <test-method status="PASS" signature="endReport()[pri:0, instance:testCases.Allmediany_SignUpPage_Test@20398b7c]" name="endReport" is-config="true" duration-ms="542" started-at="2018-05-20T15:20:31Z" finished-at="2018-05-20T15:20:31Z">
          <reporter-output>
          </reporter-output>
        </test-method> <!-- endReport -->
      </class> <!-- testCases.Allmediany_SignUpPage_Test -->
    </test> <!-- Default test -->
  </suite> <!-- Default suite -->
</testng-results>
